<?xml version="1.0" encoding="UTF-8"?>
<testsuite xmlns:xsi="http://www.w3.org/2001/XMLSchema-instance" xsi:noNamespaceSchemaLocation="https://maven.apache.org/surefire/maven-surefire-plugin/xsd/surefire-test-report.xsd" version="3.0.2" name="com.clothingec.ClothingecApplicationTests" time="8.118" tests="1" errors="0" skipped="0" failures="0">
  <properties>
[...]
</properties>
  <testcase name="contextLoads" classname="com.clothingec.ClothingecApplicationTests" time="1.075">
    <system-out><![CDATA[19:51:36.024 [main] INFO org.springframework.test.context.support.AnnotationConfigContextLoaderUtils -- Could not detect default configuration classes for test class [com.clothingec.ClothingecApplicationTests]: ClothingecApplicationTests does not declare any static, non-private, non-final, nested classes annotated with @Configuration.
19:51:36.181 [main] INFO org.springframework.boot.test.context.SpringBootTestContextBootstrapper -- Found @SpringBootConfiguration com.clothingec.ClothingecApplication for test class com.clothingec.ClothingecApplicationTests
19:51:36.395 [main] INFO org.springframework.boot.devtools.restart.RestartApplicationListener -- Restart disabled due to context in which it is running

  .   ____          _            __ _ _
 /\\ / ___'_ __ _ _(_)_ __  __ _ \ \ \ \
( ( )\___ | '_ | '_| | '_ \/ _` | \ \ \ \
 \\/  ___)| |_)| | | | | || (_| |  ) ) ) )
  '  |____| .__|_| |_|_| |_\__, | / / / /
 =========|_|==============|___/=/_/_/_/

 :: Spring Boot ::                (v3.5.6)

2025-10-02T19:51:37.013+09:00  INFO 28991 --- [clothingec] [           main] c.clothingec.ClothingecApplicationTests  : Starting ClothingecApplicationTests using Java 17.0.6 with PID 28991 (started by kuramotokai in /Users/kuramotokai/Desktop/workspace/clothingec)
2025-10-02T19:51:37.015+09:00  INFO 28991 --- [clothingec] [           main] c.clothingec.ClothingecApplicationTests  : No active profile set, falling back to 1 default profile: "default"
2025-10-02T19:51:38.059+09:00  INFO 28991 --- [clothingec] [           main] .s.d.r.c.RepositoryConfigurationDelegate : Bootstrapping Spring Data JPA repositories in DEFAULT mode.
2025-10-02T19:51:38.133+09:00  INFO 28991 --- [clothingec] [           main] .s.d.r.c.RepositoryConfigurationDelegate : Finished Spring Data repository scanning in 65 ms. Found 4 JPA repository interfaces.
2025-10-02T19:51:38.761+09:00  INFO 28991 --- [clothingec] [           main] o.hibernate.jpa.internal.util.LogHelper  : HHH000204: Processing PersistenceUnitInfo [name: default]
2025-10-02T19:51:38.814+09:00  INFO 28991 --- [clothingec] [           main] org.hibernate.Version                    : HHH000412: Hibernate ORM core version 6.6.29.Final
2025-10-02T19:51:38.851+09:00  INFO 28991 --- [clothingec] [           main] o.h.c.internal.RegionFactoryInitiator    : HHH000026: Second-level cache disabled
2025-10-02T19:51:39.256+09:00  INFO 28991 --- [clothingec] [           main] o.s.o.j.p.SpringPersistenceUnitInfo      : No LoadTimeWeaver setup: ignoring JPA class transformer
2025-10-02T19:51:39.288+09:00  INFO 28991 --- [clothingec] [           main] com.zaxxer.hikari.HikariDataSource       : HikariPool-1 - Starting...
2025-10-02T19:51:39.706+09:00  INFO 28991 --- [clothingec] [           main] com.zaxxer.hikari.pool.HikariPool        : HikariPool-1 - Added connection com.mysql.cj.jdbc.ConnectionImpl@4449a60b
2025-10-02T19:51:39.708+09:00  INFO 28991 --- [clothingec] [           main] com.zaxxer.hikari.HikariDataSource       : HikariPool-1 - Start completed.
2025-10-02T19:51:39.824+09:00  INFO 28991 --- [clothingec] [           main] org.hibernate.orm.connections.pooling    : HHH10001005: Database info:
	Database JDBC URL [Connecting through datasource 'HikariDataSource (HikariPool-1)']
	Database driver: undefined/unknown
	Database version: 8.0.35
	Autocommit mode: undefined/unknown
	Isolation level: undefined/unknown
	Minimum pool size: undefined/unknown
	Maximum pool size: undefined/unknown
2025-10-02T19:51:41.162+09:00  INFO 28991 --- [clothingec] [           main] o.h.e.t.j.p.i.JtaPlatformInitiator       : HHH000489: No JTA platform available (set 'hibernate.transaction.jta.platform' to enable JTA platform integration)
2025-10-02T19:51:41.287+09:00  INFO 28991 --- [clothingec] [           main] j.LocalContainerEntityManagerFactoryBean : Initialized JPA EntityManagerFactory for persistence unit 'default'
2025-10-02T19:51:41.830+09:00  WARN 28991 --- [clothingec] [           main] JpaBaseConfiguration$JpaWebConfiguration : spring.jpa.open-in-view is enabled by default. Therefore, database queries may be performed during view rendering. Explicitly configure spring.jpa.open-in-view to disable this warning
2025-10-02T19:51:42.173+09:00  INFO 28991 --- [clothingec] [           main] r$InitializeUserDetailsManagerConfigurer : Global AuthenticationManager configured with UserDetailsService bean with name userService
2025-10-02T19:51:42.782+09:00  INFO 28991 --- [clothingec] [           main] c.clothingec.ClothingecApplicationTests  : Started ClothingecApplicationTests in 6.403 seconds (process running for 7.732)
]]></system-out>
  </testcase>
</testsuite>